# JRE version: OpenJDK Runtime Environment (11.0.2+9) (build 11.0.2+9)
# Java VM: OpenJDK 64-Bit Server VM (11.0.2+9, mixed mode, tiered, compressed oops, g1 gc, bsd-amd64)
Heap:
 garbage-first heap   total 262144K, used 54150K [0x0000000700000000, 0x0000000800000000)
  region size 1024K, 44 young (45056K), 6 survivors (6144K)
 Metaspace       used 31007K, capacity 32108K, committed 32560K, reserved 1077248K
  class space    used 3824K, capacity 4311K, committed 4400K, reserved 1048576K
GC Heap History (6 events):
Event: 2.203 GC heap before
{Heap before GC invocations=0 (full 0):
 garbage-first heap   total 262144K, used 15360K [0x0000000700000000, 0x0000000800000000)
  region size 1024K, 14 young (14336K), 0 survivors (0K)
 Metaspace       used 9588K, capacity 9834K, committed 9984K, reserved 1058816K
  class space    used 921K, capacity 1003K, committed 1024K, reserved 1048576K
}
Event: 2.220 GC heap after
{Heap after GC invocations=1 (full 0):
 garbage-first heap   total 262144K, used 5230K [0x0000000700000000, 0x0000000800000000)
  region size 1024K, 2 young (2048K), 2 survivors (2048K)
 Metaspace       used 9588K, capacity 9834K, committed 9984K, reserved 1058816K
  class space    used 921K, capacity 1003K, committed 1024K, reserved 1048576K
}
Event: 5.736 GC heap before
{Heap before GC invocations=1 (full 0):
 garbage-first heap   total 262144K, used 40046K [0x0000000700000000, 0x0000000800000000)
  region size 1024K, 37 young (37888K), 2 survivors (2048K)
 Metaspace       used 20435K, capacity 21147K, committed 21296K, reserved 1067008K
  class space    used 2550K, capacity 2864K, committed 2864K, reserved 1048576K
}
Event: 5.761 GC heap after
{Heap after GC invocations=2 (full 0):
 garbage-first heap   total 262144K, used 8981K [0x0000000700000000, 0x0000000800000000)
  region size 1024K, 6 young (6144K), 6 survivors (6144K)
 Metaspace       used 20435K, capacity 21147K, committed 21296K, reserved 1067008K
  class space    used 2550K, capacity 2864K, committed 2864K, reserved 1048576K
}
Event: 19.909 GC heap before
{Heap before GC invocations=3 (full 0):
 garbage-first heap   total 262144K, used 47893K [0x0000000700000000, 0x0000000800000000)
  region size 1024K, 41 young (41984K), 6 survivors (6144K)
 Metaspace       used 27650K, capacity 28812K, committed 29232K, reserved 1075200K
  class space    used 3539K, capacity 4044K, committed 4144K, reserved 1048576K
}
Event: 19.947 GC heap after
{Heap after GC invocations=4 (full 0):
 garbage-first heap   total 262144K, used 16262K [0x0000000700000000, 0x0000000800000000)
  region size 1024K, 6 young (6144K), 6 survivors (6144K)
 Metaspace       used 27650K, capacity 28812K, committed 29232K, reserved 1075200K
  class space    used 3539K, capacity 4044K, committed 4144K, reserved 1048576K
}

